xrun: 23.09-s001: (c) Copyright 1995-2023 Cadence Design Systems, Inc.
TOOL:	xrun	23.09-s001: Started on Sep 14, 2024 at 05:14:40 EDT
xrun
	-Q
	-unbuffered
	-timescale 1ns/1ns
	-sysv
	-access +rw
	design.sv
	testbench.sv
	Top level design units:
		circuit1_tb
Loading snapshot worklib.circuit1_tb:sv .................... Done
xcelium> source /xcelium23.09/tools/xcelium/files/xmsimrc
xcelium> run
                   0A=5, B=4, mode=1, out=5
                  10A=5, B=4, mode=0, out=9
Simulation complete via $finish(1) at time 20 NS + 0
./testbench.sv:14   initial #20 $finish;
xcelium> exit
TOOL:	xrun	23.09-s001: Exiting on Sep 14, 2024 at 05:14:41 EDT  (total: 00:00:01)
