xrun: 23.09-s001: (c) Copyright 1995-2023 Cadence Design Systems, Inc.
TOOL:	xrun	23.09-s001: Started on Sep 14, 2024 at 05:13:09 EDT
xrun
	-Q
	-unbuffered
	-timescale 1ns/1ns
	-sysv
	-access +rw
	design.sv
	testbench.sv
	Top level design units:
		fsm_mealy_tb
Loading snapshot worklib.fsm_mealy_tb:sv .................... Done
xcelium> source /xcelium23.09/tools/xcelium/files/xmsimrc
xcelium> run
                   0 x=1, clk=0 , rst=0, z=x
                   5 x=1, clk=1 , rst=0, z=0
                  10 x=0, clk=0 , rst=0, z=0
                  15 x=0, clk=1 , rst=0, z=0
                  20 x=1, clk=0 , rst=0, z=0
                  25 x=1, clk=1 , rst=0, z=0
                  30 x=1, clk=0 , rst=0, z=0
                  35 x=1, clk=1 , rst=0, z=0
                  40 x=1, clk=0 , rst=0, z=0
                  45 x=1, clk=1 , rst=0, z=1
                  50 x=1, clk=0 , rst=0, z=1
                  55 x=1, clk=1 , rst=0, z=1
                  60 x=0, clk=0 , rst=0, z=0
                  65 x=0, clk=1 , rst=0, z=0
                  70 x=1, clk=0 , rst=1, z=0
                  75 x=1, clk=1 , rst=1, z=0
                  80 x=1, clk=0 , rst=1, z=0
                  85 x=1, clk=1 , rst=1, z=0
                  90 x=1, clk=0 , rst=1, z=0
                  95 x=1, clk=1 , rst=1, z=0
Simulation complete via $finish(1) at time 100 NS + 0
./testbench.sv:20   initial #100 $finish;
xcelium> exit
TOOL:	xrun	23.09-s001: Exiting on Sep 14, 2024 at 05:13:11 EDT  (total: 00:00:02)
