xrun: 23.09-s001: (c) Copyright 1995-2023 Cadence Design Systems, Inc.
TOOL:	xrun	23.09-s001: Started on Sep 14, 2024 at 05:14:20 EDT
xrun
	-Q
	-unbuffered
	-timescale 1ns/1ns
	-sysv
	-access +rw
	design.sv
	testbench.sv
	Top level design units:
		circuit2_tb
Loading snapshot worklib.circuit2_tb:sv .................... Done
xcelium> source /xcelium23.09/tools/xcelium/files/xmsimrc
xcelium> run
                   0 A=00000, enable=0, D=xxxxxxxxxxxxxxxxxxxxxxxxxxxxxxxx
                  10 A=00000, enable=1, D=xxxxxxxxxxxxxxxxxxxxxxxx00000001
                  20 A=01000, enable=1, D=xxxxxxxxxxxxxxxx00000001xxxxxxxx
                  30 A=10000, enable=1, D=xxxxxxxx00000001xxxxxxxxxxxxxxxx
                  40 A=11000, enable=1, D=00000001xxxxxxxxxxxxxxxxxxxxxxxx
Simulation complete via $finish(1) at time 50 NS + 0
./testbench.sv:23   initial #50 $finish;
xcelium> exit
TOOL:	xrun	23.09-s001: Exiting on Sep 14, 2024 at 05:14:21 EDT  (total: 00:00:01)
