xrun: 23.09-s001: (c) Copyright 1995-2023 Cadence Design Systems, Inc.
TOOL:	xrun	23.09-s001: Started on Sep 14, 2024 at 05:14:03 EDT
xrun
	-Q
	-unbuffered
	-timescale 1ns/1ns
	-sysv
	-access +rw
	design.sv
	testbench.sv
	Top level design units:
		circuit3_tb
Loading snapshot worklib.circuit3_tb:sv .................... Done
xcelium> source /xcelium23.09/tools/xcelium/files/xmsimrc
xcelium> run
                   0 in=0101010101010101, select=0000; out=1
                  10 in=0101010101010101, select=0111; out=0
                  20 in=0101010101010101, select=1000; out=1
                  30 in=0101010101010101, select=1111; out=0
Simulation complete via $finish(1) at time 50 NS + 0
./testbench.sv:16   initial #50 $finish;
xcelium> exit
TOOL:	xrun	23.09-s001: Exiting on Sep 14, 2024 at 05:14:04 EDT  (total: 00:00:01)
