xrun: 23.09-s001: (c) Copyright 1995-2023 Cadence Design Systems, Inc.
TOOL:	xrun	23.09-s001: Started on Sep 14, 2024 at 05:12:35 EDT
xrun
	-Q
	-unbuffered
	-timescale 1ns/1ns
	-sysv
	-access +rw
	design.sv
	testbench.sv
	Top level design units:
		circuit6_tb
Loading snapshot worklib.circuit6_tb:sv .................... Done
xcelium> source /xcelium23.09/tools/xcelium/files/xmsimrc
xcelium> run
                   0 I=0000, clk=0, clear=1, A=0000
                   5 I=0000, clk=1, clear=1, A=0000
                  10 I=0000, clk=0, clear=1, A=0000
                  15 I=0000, clk=1, clear=1, A=0000
                  20 I=1111, clk=0, clear=1, A=0000
                  25 I=1111, clk=1, clear=1, A=1111
                  30 I=1111, clk=0, clear=1, A=1111
                  35 I=1111, clk=1, clear=1, A=1111
                  40 I=1111, clk=0, clear=0, A=1111
                  45 I=1111, clk=1, clear=0, A=0000
                  50 I=1111, clk=0, clear=0, A=0000
                  55 I=1111, clk=1, clear=0, A=0000
                  60 I=1111, clk=0, clear=0, A=0000
Simulation complete via $finish(1) at time 65 NS + 0
./testbench.sv:19   initial #65 $finish;
xcelium> exit
TOOL:	xrun	23.09-s001: Exiting on Sep 14, 2024 at 05:12:36 EDT  (total: 00:00:01)
